<?xml version="1.0" encoding="UTF-8"?>
<!-- Generated by org.testng.reporters.JUnitReportReporter -->
<testsuite hostname="Dell-PC" name="com.orangehrm.tests.AddEmployeeTest" tests="1" failures="0" timestamp="26 Dec 2019 02:32:06 GMT" time="24.591" errors="0">
  <testcase name="verifyAddEmployee" time="24.591" classname="com.orangehrm.tests.AddEmployeeTest"/>
</testsuite> <!-- com.orangehrm.tests.AddEmployeeTest -->
